# JRE version: OpenJDK Runtime Environment Temurin-17.0.10+7 (17.0.10+7) (build 17.0.10+7)
# Java VM: OpenJDK 64-Bit Server VM Temurin-17.0.10+7 (17.0.10+7, mixed mode, emulated-client, tiered, compressed oops, compressed class ptrs, g1 gc, windows-amd64)
GC Precious Log:
 CPUs: 4 total, 4 available
 Memory: 7775M
 Large Page Support: Disabled
 NUMA Support: Disabled
 Compressed Oops: Enabled (32-bit)
 Heap Region Size: 1M
 Heap Min Capacity: 8M
 Heap Initial Capacity: 122M
 Heap Max Capacity: 1G
 Pre-touch: Disabled
 Parallel Workers: 4
 Concurrent Workers: 1
 Concurrent Refinement Workers: 4
 Periodic GC: Disabled
Heap:
 garbage-first heap   total 78848K, used 29186K [0x00000000c0000000, 0x0000000100000000)
  region size 1024K, 1 young (1024K), 0 survivors (0K)
 Metaspace       used 51439K, committed 52160K, reserved 1114112K
  class space    used 6735K, committed 6976K, reserved 1048576K
GC Heap History (20 events):
Event: 14973.693 GC heap before
{Heap before GC invocations=488 (full 470):
 garbage-first heap   total 78848K, used 29174K [0x00000000c0000000, 0x0000000100000000)
  region size 1024K, 1 young (1024K), 0 survivors (0K)
 Metaspace       used 51429K, committed 52160K, reserved 1114112K
  class space    used 6734K, committed 6976K, reserved 1048576K
}
Event: 14973.743 GC heap after
{Heap after GC invocations=489 (full 471):
 garbage-first heap   total 78848K, used 29174K [0x00000000c0000000, 0x0000000100000000)
  region size 1024K, 0 young (0K), 0 survivors (0K)
 Metaspace       used 51429K, committed 52160K, reserved 1114112K
  class space    used 6734K, committed 6976K, reserved 1048576K
}
Event: 14983.989 GC heap before
{Heap before GC invocations=489 (full 471):
 garbage-first heap   total 78848K, used 29174K [0x00000000c0000000, 0x0000000100000000)
  region size 1024K, 1 young (1024K), 0 survivors (0K)
 Metaspace       used 51429K, committed 52160K, reserved 1114112K
  class space    used 6734K, committed 6976K, reserved 1048576K
}
Event: 14984.043 GC heap after
{Heap after GC invocations=490 (full 472):
 garbage-first heap   total 78848K, used 29174K [0x00000000c0000000, 0x0000000100000000)
  region size 1024K, 0 young (0K), 0 survivors (0K)
 Metaspace       used 51429K, committed 52160K, reserved 1114112K
  class space    used 6734K, committed 6976K, reserved 1048576K
}
Event: 14994.230 GC heap before
{Heap before GC invocations=490 (full 472):
 garbage-first heap   total 78848K, used 29174K [0x00000000c0000000, 0x0000000100000000)
  region size 1024K, 1 young (1024K), 0 survivors (0K)
 Metaspace       used 51429K, committed 52160K, reserved 1114112K
  class space    used 6734K, committed 6976K, reserved 1048576K
}
Event: 14994.275 GC heap after
{Heap after GC invocations=491 (full 473):
 garbage-first heap   total 78848K, used 29174K [0x00000000c0000000, 0x0000000100000000)
  region size 1024K, 0 young (0K), 0 survivors (0K)
 Metaspace       used 51429K, committed 52160K, reserved 1114112K
  class space    used 6734K, committed 6976K, reserved 1048576K
}
Event: 15004.465 GC heap before
{Heap before GC invocations=491 (full 473):
 garbage-first heap   total 78848K, used 29174K [0x00000000c0000000, 0x0000000100000000)
  region size 1024K, 1 young (1024K), 0 survivors (0K)
 Metaspace       used 51429K, committed 52160K, reserved 1114112K
  class space    used 6734K, committed 6976K, reserved 1048576K
}
Event: 15004.511 GC heap after
{Heap after GC invocations=492 (full 474):
 garbage-first heap   total 78848K, used 29174K [0x00000000c0000000, 0x0000000100000000)
  region size 1024K, 0 young (0K), 0 survivors (0K)
 Metaspace       used 51429K, committed 52160K, reserved 1114112K
  class space    used 6734K, committed 6976K, reserved 1048576K
}
Event: 15014.669 GC heap before
{Heap before GC invocations=492 (full 474):
 garbage-first heap   total 78848K, used 29174K [0x00000000c0000000, 0x0000000100000000)
  region size 1024K, 1 young (1024K), 0 survivors (0K)
 Metaspace       used 51429K, committed 52160K, reserved 1114112K
  class space    used 6734K, committed 6976K, reserved 1048576K
}
Event: 15014.710 GC heap after
{Heap after GC invocations=493 (full 475):
 garbage-first heap   total 78848K, used 29174K [0x00000000c0000000, 0x0000000100000000)
  region size 1024K, 0 young (0K), 0 survivors (0K)
 Metaspace       used 51429K, committed 52160K, reserved 1114112K
  class space    used 6734K, committed 6976K, reserved 1048576K
}
Event: 15024.921 GC heap before
{Heap before GC invocations=493 (full 475):
 garbage-first heap   total 78848K, used 29174K [0x00000000c0000000, 0x0000000100000000)
  region size 1024K, 1 young (1024K), 0 survivors (0K)
 Metaspace       used 51429K, committed 52160K, reserved 1114112K
  class space    used 6734K, committed 6976K, reserved 1048576K
}
Event: 15024.968 GC heap after
{Heap after GC invocations=494 (full 476):
 garbage-first heap   total 78848K, used 29174K [0x00000000c0000000, 0x0000000100000000)
  region size 1024K, 0 young (0K), 0 survivors (0K)
 Metaspace       used 51429K, committed 52160K, reserved 1114112K
  class space    used 6734K, committed 6976K, reserved 1048576K
}
Event: 15035.204 GC heap before
{Heap before GC invocations=494 (full 476):
 garbage-first heap   total 78848K, used 29174K [0x00000000c0000000, 0x0000000100000000)
  region size 1024K, 1 young (1024K), 0 survivors (0K)
 Metaspace       used 51429K, committed 52160K, reserved 1114112K
  class space    used 6734K, committed 6976K, reserved 1048576K
}
Event: 15035.257 GC heap after
{Heap after GC invocations=495 (full 477):
 garbage-first heap   total 78848K, used 29174K [0x00000000c0000000, 0x0000000100000000)
  region size 1024K, 0 young (0K), 0 survivors (0K)
 Metaspace       used 51429K, committed 52160K, reserved 1114112K
  class space    used 6734K, committed 6976K, reserved 1048576K
}
Event: 15045.501 GC heap before
{Heap before GC invocations=495 (full 477):
 garbage-first heap   total 78848K, used 29174K [0x00000000c0000000, 0x0000000100000000)
  region size 1024K, 1 young (1024K), 0 survivors (0K)
 Metaspace       used 51429K, committed 52160K, reserved 1114112K
  class space    used 6734K, committed 6976K, reserved 1048576K
}
Event: 15045.556 GC heap after
{Heap after GC invocations=496 (full 478):
 garbage-first heap   total 78848K, used 29174K [0x00000000c0000000, 0x0000000100000000)
  region size 1024K, 0 young (0K), 0 survivors (0K)
 Metaspace       used 51429K, committed 52160K, reserved 1114112K
  class space    used 6734K, committed 6976K, reserved 1048576K
}
Event: 15056.304 GC heap before
{Heap before GC invocations=496 (full 478):
 garbage-first heap   total 78848K, used 29174K [0x00000000c0000000, 0x0000000100000000)
  region size 1024K, 1 young (1024K), 0 survivors (0K)
 Metaspace       used 51439K, committed 52160K, reserved 1114112K
  class space    used 6735K, committed 6976K, reserved 1048576K
}
Event: 15056.353 GC heap after
{Heap after GC invocations=497 (full 479):
 garbage-first heap   total 78848K, used 29186K [0x00000000c0000000, 0x0000000100000000)
  region size 1024K, 0 young (0K), 0 survivors (0K)
 Metaspace       used 51439K, committed 52160K, reserved 1114112K
  class space    used 6735K, committed 6976K, reserved 1048576K
}
Event: 15066.559 GC heap before
{Heap before GC invocations=497 (full 479):
 garbage-first heap   total 78848K, used 29186K [0x00000000c0000000, 0x0000000100000000)
  region size 1024K, 1 young (1024K), 0 survivors (0K)
 Metaspace       used 51439K, committed 52160K, reserved 1114112K
  class space    used 6735K, committed 6976K, reserved 1048576K
}
Event: 15066.606 GC heap after
{Heap after GC invocations=498 (full 480):
 garbage-first heap   total 78848K, used 29186K [0x00000000c0000000, 0x0000000100000000)
  region size 1024K, 0 young (0K), 0 survivors (0K)
 Metaspace       used 51439K, committed 52160K, reserved 1114112K
  class space    used 6735K, committed 6976K, reserved 1048576K
}

