# JRE version: OpenJDK Runtime Environment Temurin-17.0.10+7 (17.0.10+7) (build 17.0.10+7)
# Java VM: OpenJDK 64-Bit Server VM Temurin-17.0.10+7 (17.0.10+7, mixed mode, emulated-client, tiered, compressed oops, compressed class ptrs, g1 gc, windows-amd64)
GC Precious Log:
 CPUs: 4 total, 4 available
 Memory: 7775M
 Large Page Support: Disabled
 NUMA Support: Disabled
 Compressed Oops: Enabled (32-bit)
 Heap Region Size: 1M
 Heap Min Capacity: 8M
 Heap Initial Capacity: 122M
 Heap Max Capacity: 1G
 Pre-touch: Disabled
 Parallel Workers: 4
 Concurrent Workers: 1
 Concurrent Refinement Workers: 4
 Periodic GC: Disabled
Heap:
 garbage-first heap   total 80896K, used 36642K [0x00000000c0000000, 0x0000000100000000)
  region size 1024K, 1 young (1024K), 0 survivors (0K)
 Metaspace       used 58783K, committed 59264K, reserved 1114112K
  class space    used 7314K, committed 7552K, reserved 1048576K
GC Heap History (20 events):
Event: 2863.840 GC heap before
{Heap before GC invocations=266 (full 211):
 garbage-first heap   total 80896K, used 36642K [0x00000000c0000000, 0x0000000100000000)
  region size 1024K, 1 young (1024K), 0 survivors (0K)
 Metaspace       used 58783K, committed 59264K, reserved 1114112K
  class space    used 7314K, committed 7552K, reserved 1048576K
}
Event: 2863.902 GC heap after
{Heap after GC invocations=267 (full 212):
 garbage-first heap   total 80896K, used 36642K [0x00000000c0000000, 0x0000000100000000)
  region size 1024K, 0 young (0K), 0 survivors (0K)
 Metaspace       used 58783K, committed 59264K, reserved 1114112K
  class space    used 7314K, committed 7552K, reserved 1048576K
}
Event: 2874.091 GC heap before
{Heap before GC invocations=267 (full 212):
 garbage-first heap   total 80896K, used 36642K [0x00000000c0000000, 0x0000000100000000)
  region size 1024K, 1 young (1024K), 0 survivors (0K)
 Metaspace       used 58783K, committed 59264K, reserved 1114112K
  class space    used 7314K, committed 7552K, reserved 1048576K
}
Event: 2874.147 GC heap after
{Heap after GC invocations=268 (full 213):
 garbage-first heap   total 80896K, used 36642K [0x00000000c0000000, 0x0000000100000000)
  region size 1024K, 0 young (0K), 0 survivors (0K)
 Metaspace       used 58783K, committed 59264K, reserved 1114112K
  class space    used 7314K, committed 7552K, reserved 1048576K
}
Event: 2884.695 GC heap before
{Heap before GC invocations=268 (full 213):
 garbage-first heap   total 80896K, used 36642K [0x00000000c0000000, 0x0000000100000000)
  region size 1024K, 1 young (1024K), 0 survivors (0K)
 Metaspace       used 58783K, committed 59264K, reserved 1114112K
  class space    used 7314K, committed 7552K, reserved 1048576K
}
Event: 2884.757 GC heap after
{Heap after GC invocations=269 (full 214):
 garbage-first heap   total 80896K, used 36642K [0x00000000c0000000, 0x0000000100000000)
  region size 1024K, 0 young (0K), 0 survivors (0K)
 Metaspace       used 58783K, committed 59264K, reserved 1114112K
  class space    used 7314K, committed 7552K, reserved 1048576K
}
Event: 2894.945 GC heap before
{Heap before GC invocations=269 (full 214):
 garbage-first heap   total 80896K, used 36642K [0x00000000c0000000, 0x0000000100000000)
  region size 1024K, 1 young (1024K), 0 survivors (0K)
 Metaspace       used 58783K, committed 59264K, reserved 1114112K
  class space    used 7314K, committed 7552K, reserved 1048576K
}
Event: 2894.999 GC heap after
{Heap after GC invocations=270 (full 215):
 garbage-first heap   total 80896K, used 36642K [0x00000000c0000000, 0x0000000100000000)
  region size 1024K, 0 young (0K), 0 survivors (0K)
 Metaspace       used 58783K, committed 59264K, reserved 1114112K
  class space    used 7314K, committed 7552K, reserved 1048576K
}
Event: 2905.192 GC heap before
{Heap before GC invocations=270 (full 215):
 garbage-first heap   total 80896K, used 36642K [0x00000000c0000000, 0x0000000100000000)
  region size 1024K, 1 young (1024K), 0 survivors (0K)
 Metaspace       used 58783K, committed 59264K, reserved 1114112K
  class space    used 7314K, committed 7552K, reserved 1048576K
}
Event: 2905.248 GC heap after
{Heap after GC invocations=271 (full 216):
 garbage-first heap   total 80896K, used 36642K [0x00000000c0000000, 0x0000000100000000)
  region size 1024K, 0 young (0K), 0 survivors (0K)
 Metaspace       used 58783K, committed 59264K, reserved 1114112K
  class space    used 7314K, committed 7552K, reserved 1048576K
}
Event: 2915.443 GC heap before
{Heap before GC invocations=271 (full 216):
 garbage-first heap   total 80896K, used 36642K [0x00000000c0000000, 0x0000000100000000)
  region size 1024K, 1 young (1024K), 0 survivors (0K)
 Metaspace       used 58783K, committed 59264K, reserved 1114112K
  class space    used 7314K, committed 7552K, reserved 1048576K
}
Event: 2915.502 GC heap after
{Heap after GC invocations=272 (full 217):
 garbage-first heap   total 80896K, used 36642K [0x00000000c0000000, 0x0000000100000000)
  region size 1024K, 0 young (0K), 0 survivors (0K)
 Metaspace       used 58783K, committed 59264K, reserved 1114112K
  class space    used 7314K, committed 7552K, reserved 1048576K
}
Event: 2925.971 GC heap before
{Heap before GC invocations=272 (full 217):
 garbage-first heap   total 80896K, used 36642K [0x00000000c0000000, 0x0000000100000000)
  region size 1024K, 1 young (1024K), 0 survivors (0K)
 Metaspace       used 58783K, committed 59264K, reserved 1114112K
  class space    used 7314K, committed 7552K, reserved 1048576K
}
Event: 2926.031 GC heap after
{Heap after GC invocations=273 (full 218):
 garbage-first heap   total 80896K, used 36642K [0x00000000c0000000, 0x0000000100000000)
  region size 1024K, 0 young (0K), 0 survivors (0K)
 Metaspace       used 58783K, committed 59264K, reserved 1114112K
  class space    used 7314K, committed 7552K, reserved 1048576K
}
Event: 2936.258 GC heap before
{Heap before GC invocations=273 (full 218):
 garbage-first heap   total 80896K, used 36642K [0x00000000c0000000, 0x0000000100000000)
  region size 1024K, 1 young (1024K), 0 survivors (0K)
 Metaspace       used 58783K, committed 59264K, reserved 1114112K
  class space    used 7314K, committed 7552K, reserved 1048576K
}
Event: 2936.313 GC heap after
{Heap after GC invocations=274 (full 219):
 garbage-first heap   total 80896K, used 36642K [0x00000000c0000000, 0x0000000100000000)
  region size 1024K, 0 young (0K), 0 survivors (0K)
 Metaspace       used 58783K, committed 59264K, reserved 1114112K
  class space    used 7314K, committed 7552K, reserved 1048576K
}
Event: 2946.699 GC heap before
{Heap before GC invocations=274 (full 219):
 garbage-first heap   total 80896K, used 36642K [0x00000000c0000000, 0x0000000100000000)
  region size 1024K, 1 young (1024K), 0 survivors (0K)
 Metaspace       used 58783K, committed 59264K, reserved 1114112K
  class space    used 7314K, committed 7552K, reserved 1048576K
}
Event: 2946.758 GC heap after
{Heap after GC invocations=275 (full 220):
 garbage-first heap   total 80896K, used 36642K [0x00000000c0000000, 0x0000000100000000)
  region size 1024K, 0 young (0K), 0 survivors (0K)
 Metaspace       used 58783K, committed 59264K, reserved 1114112K
  class space    used 7314K, committed 7552K, reserved 1048576K
}
Event: 2957.173 GC heap before
{Heap before GC invocations=275 (full 220):
 garbage-first heap   total 80896K, used 36642K [0x00000000c0000000, 0x0000000100000000)
  region size 1024K, 1 young (1024K), 0 survivors (0K)
 Metaspace       used 58783K, committed 59264K, reserved 1114112K
  class space    used 7314K, committed 7552K, reserved 1048576K
}
Event: 2957.233 GC heap after
{Heap after GC invocations=276 (full 221):
 garbage-first heap   total 80896K, used 36642K [0x00000000c0000000, 0x0000000100000000)
  region size 1024K, 0 young (0K), 0 survivors (0K)
 Metaspace       used 58783K, committed 59264K, reserved 1114112K
  class space    used 7314K, committed 7552K, reserved 1048576K
}

