# JRE version: OpenJDK Runtime Environment Temurin-17.0.10+7 (17.0.10+7) (build 17.0.10+7)
# Java VM: OpenJDK 64-Bit Server VM Temurin-17.0.10+7 (17.0.10+7, mixed mode, emulated-client, tiered, compressed oops, compressed class ptrs, g1 gc, windows-amd64)
GC Precious Log:
 CPUs: 4 total, 4 available
 Memory: 7775M
 Large Page Support: Disabled
 NUMA Support: Disabled
 Compressed Oops: Enabled (32-bit)
 Heap Region Size: 1M
 Heap Min Capacity: 8M
 Heap Initial Capacity: 122M
 Heap Max Capacity: 1G
 Pre-touch: Disabled
 Parallel Workers: 4
 Concurrent Workers: 1
 Concurrent Refinement Workers: 4
 Periodic GC: Disabled
Heap:
 garbage-first heap   total 97280K, used 40090K [0x00000000c0000000, 0x0000000100000000)
  region size 1024K, 1 young (1024K), 0 survivors (0K)
 Metaspace       used 62104K, committed 62592K, reserved 1114112K
  class space    used 7817K, committed 8064K, reserved 1048576K
GC Heap History (20 events):
Event: 47869.459 GC heap before
{Heap before GC invocations=2761 (full 2535):
 garbage-first heap   total 97280K, used 40090K [0x00000000c0000000, 0x0000000100000000)
  region size 1024K, 1 young (1024K), 0 survivors (0K)
 Metaspace       used 62095K, committed 62592K, reserved 1114112K
  class space    used 7816K, committed 8064K, reserved 1048576K
}
Event: 47869.540 GC heap after
{Heap after GC invocations=2762 (full 2536):
 garbage-first heap   total 97280K, used 40091K [0x00000000c0000000, 0x0000000100000000)
  region size 1024K, 0 young (0K), 0 survivors (0K)
 Metaspace       used 62095K, committed 62592K, reserved 1114112K
  class space    used 7816K, committed 8064K, reserved 1048576K
}
Event: 47900.044 GC heap before
{Heap before GC invocations=2762 (full 2536):
 garbage-first heap   total 97280K, used 40091K [0x00000000c0000000, 0x0000000100000000)
  region size 1024K, 1 young (1024K), 0 survivors (0K)
 Metaspace       used 62095K, committed 62592K, reserved 1114112K
  class space    used 7816K, committed 8064K, reserved 1048576K
}
Event: 47900.117 GC heap after
{Heap after GC invocations=2763 (full 2537):
 garbage-first heap   total 97280K, used 40091K [0x00000000c0000000, 0x0000000100000000)
  region size 1024K, 0 young (0K), 0 survivors (0K)
 Metaspace       used 62095K, committed 62592K, reserved 1114112K
  class space    used 7816K, committed 8064K, reserved 1048576K
}
Event: 47943.984 GC heap before
{Heap before GC invocations=2763 (full 2537):
 garbage-first heap   total 97280K, used 40091K [0x00000000c0000000, 0x0000000100000000)
  region size 1024K, 1 young (1024K), 0 survivors (0K)
 Metaspace       used 62095K, committed 62592K, reserved 1114112K
  class space    used 7816K, committed 8064K, reserved 1048576K
}
Event: 47944.059 GC heap after
{Heap after GC invocations=2764 (full 2538):
 garbage-first heap   total 97280K, used 40091K [0x00000000c0000000, 0x0000000100000000)
  region size 1024K, 0 young (0K), 0 survivors (0K)
 Metaspace       used 62095K, committed 62592K, reserved 1114112K
  class space    used 7816K, committed 8064K, reserved 1048576K
}
Event: 47975.635 GC heap before
{Heap before GC invocations=2764 (full 2538):
 garbage-first heap   total 97280K, used 40091K [0x00000000c0000000, 0x0000000100000000)
  region size 1024K, 1 young (1024K), 0 survivors (0K)
 Metaspace       used 62095K, committed 62592K, reserved 1114112K
  class space    used 7816K, committed 8064K, reserved 1048576K
}
Event: 47975.713 GC heap after
{Heap after GC invocations=2765 (full 2539):
 garbage-first heap   total 97280K, used 40091K [0x00000000c0000000, 0x0000000100000000)
  region size 1024K, 0 young (0K), 0 survivors (0K)
 Metaspace       used 62095K, committed 62592K, reserved 1114112K
  class space    used 7816K, committed 8064K, reserved 1048576K
}
Event: 48016.137 GC heap before
{Heap before GC invocations=2765 (full 2539):
 garbage-first heap   total 97280K, used 40091K [0x00000000c0000000, 0x0000000100000000)
  region size 1024K, 1 young (1024K), 0 survivors (0K)
 Metaspace       used 62095K, committed 62592K, reserved 1114112K
  class space    used 7816K, committed 8064K, reserved 1048576K
}
Event: 48016.208 GC heap after
{Heap after GC invocations=2766 (full 2540):
 garbage-first heap   total 97280K, used 40091K [0x00000000c0000000, 0x0000000100000000)
  region size 1024K, 0 young (0K), 0 survivors (0K)
 Metaspace       used 62095K, committed 62592K, reserved 1114112K
  class space    used 7816K, committed 8064K, reserved 1048576K
}
Event: 48026.652 GC heap before
{Heap before GC invocations=2766 (full 2540):
 garbage-first heap   total 97280K, used 40091K [0x00000000c0000000, 0x0000000100000000)
  region size 1024K, 1 young (1024K), 0 survivors (0K)
 Metaspace       used 62095K, committed 62592K, reserved 1114112K
  class space    used 7816K, committed 8064K, reserved 1048576K
}
Event: 48026.721 GC heap after
{Heap after GC invocations=2767 (full 2541):
 garbage-first heap   total 97280K, used 40091K [0x00000000c0000000, 0x0000000100000000)
  region size 1024K, 0 young (0K), 0 survivors (0K)
 Metaspace       used 62095K, committed 62592K, reserved 1114112K
  class space    used 7816K, committed 8064K, reserved 1048576K
}
Event: 48037.022 GC heap before
{Heap before GC invocations=2767 (full 2541):
 garbage-first heap   total 97280K, used 40091K [0x00000000c0000000, 0x0000000100000000)
  region size 1024K, 1 young (1024K), 0 survivors (0K)
 Metaspace       used 62095K, committed 62592K, reserved 1114112K
  class space    used 7816K, committed 8064K, reserved 1048576K
}
Event: 48037.099 GC heap after
{Heap after GC invocations=2768 (full 2542):
 garbage-first heap   total 97280K, used 40091K [0x00000000c0000000, 0x0000000100000000)
  region size 1024K, 0 young (0K), 0 survivors (0K)
 Metaspace       used 62095K, committed 62592K, reserved 1114112K
  class space    used 7816K, committed 8064K, reserved 1048576K
}
Event: 48047.297 GC heap before
{Heap before GC invocations=2768 (full 2542):
 garbage-first heap   total 97280K, used 40091K [0x00000000c0000000, 0x0000000100000000)
  region size 1024K, 1 young (1024K), 0 survivors (0K)
 Metaspace       used 62095K, committed 62592K, reserved 1114112K
  class space    used 7816K, committed 8064K, reserved 1048576K
}
Event: 48047.368 GC heap after
{Heap after GC invocations=2769 (full 2543):
 garbage-first heap   total 97280K, used 40090K [0x00000000c0000000, 0x0000000100000000)
  region size 1024K, 0 young (0K), 0 survivors (0K)
 Metaspace       used 62095K, committed 62592K, reserved 1114112K
  class space    used 7816K, committed 8064K, reserved 1048576K
}
Event: 48057.518 GC heap before
{Heap before GC invocations=2769 (full 2543):
 garbage-first heap   total 97280K, used 40090K [0x00000000c0000000, 0x0000000100000000)
  region size 1024K, 1 young (1024K), 0 survivors (0K)
 Metaspace       used 62095K, committed 62592K, reserved 1114112K
  class space    used 7816K, committed 8064K, reserved 1048576K
}
Event: 48057.581 GC heap after
{Heap after GC invocations=2770 (full 2544):
 garbage-first heap   total 97280K, used 40090K [0x00000000c0000000, 0x0000000100000000)
  region size 1024K, 0 young (0K), 0 survivors (0K)
 Metaspace       used 62095K, committed 62592K, reserved 1114112K
  class space    used 7816K, committed 8064K, reserved 1048576K
}
Event: 48068.150 GC heap before
{Heap before GC invocations=2770 (full 2544):
 garbage-first heap   total 97280K, used 40090K [0x00000000c0000000, 0x0000000100000000)
  region size 1024K, 1 young (1024K), 0 survivors (0K)
 Metaspace       used 62095K, committed 62592K, reserved 1114112K
  class space    used 7816K, committed 8064K, reserved 1048576K
}
Event: 48068.228 GC heap after
{Heap after GC invocations=2771 (full 2545):
 garbage-first heap   total 97280K, used 40090K [0x00000000c0000000, 0x0000000100000000)
  region size 1024K, 0 young (0K), 0 survivors (0K)
 Metaspace       used 62095K, committed 62592K, reserved 1114112K
  class space    used 7816K, committed 8064K, reserved 1048576K
}

