# JRE version: Java(TM) SE Runtime Environment (17.0.9+11) (build 17.0.9+11-LTS-201)
# Java VM: Java HotSpot(TM) 64-Bit Server VM (17.0.9+11-LTS-201, mixed mode, sharing, tiered, compressed oops, compressed class ptrs, g1 gc, windows-amd64)
GC Precious Log:
 CPUs: 4 total, 4 available
 Memory: 7775M
 Large Page Support: Disabled
 NUMA Support: Disabled
 Compressed Oops: Enabled (32-bit)
 Heap Region Size: 1M
 Heap Min Capacity: 8M
 Heap Initial Capacity: 122M
 Heap Max Capacity: 1944M
 Pre-touch: Disabled
 Parallel Workers: 4
 Concurrent Workers: 1
 Concurrent Refinement Workers: 4
 Periodic GC: Disabled
Heap:
 garbage-first heap   total 65536K, used 51339K [0x0000000086800000, 0x0000000100000000)
  region size 1024K, 7 young (7168K), 1 survivors (1024K)
 Metaspace       used 92457K, committed 93120K, reserved 1179648K
  class space    used 12024K, committed 12352K, reserved 1048576K
GC Heap History (20 events):
Event: 1410.515 GC heap before
{Heap before GC invocations=215 (full 0):
 garbage-first heap   total 65536K, used 54388K [0x0000000086800000, 0x0000000100000000)
  region size 1024K, 10 young (10240K), 1 survivors (1024K)
 Metaspace       used 92451K, committed 93120K, reserved 1179648K
  class space    used 12023K, committed 12352K, reserved 1048576K
}
Event: 1410.517 GC heap after
{Heap after GC invocations=216 (full 0):
 garbage-first heap   total 65536K, used 46204K [0x0000000086800000, 0x0000000100000000)
  region size 1024K, 1 young (1024K), 1 survivors (1024K)
 Metaspace       used 92451K, committed 93120K, reserved 1179648K
  class space    used 12023K, committed 12352K, reserved 1048576K
}
Event: 1412.835 GC heap before
{Heap before GC invocations=216 (full 0):
 garbage-first heap   total 65536K, used 55420K [0x0000000086800000, 0x0000000100000000)
  region size 1024K, 10 young (10240K), 1 survivors (1024K)
 Metaspace       used 92451K, committed 93120K, reserved 1179648K
  class space    used 12023K, committed 12352K, reserved 1048576K
}
Event: 1412.838 GC heap after
{Heap after GC invocations=217 (full 0):
 garbage-first heap   total 65536K, used 46216K [0x0000000086800000, 0x0000000100000000)
  region size 1024K, 1 young (1024K), 1 survivors (1024K)
 Metaspace       used 92451K, committed 93120K, reserved 1179648K
  class space    used 12023K, committed 12352K, reserved 1048576K
}
Event: 1417.265 GC heap before
{Heap before GC invocations=217 (full 0):
 garbage-first heap   total 65536K, used 55432K [0x0000000086800000, 0x0000000100000000)
  region size 1024K, 10 young (10240K), 1 survivors (1024K)
 Metaspace       used 92451K, committed 93120K, reserved 1179648K
  class space    used 12023K, committed 12352K, reserved 1048576K
}
Event: 1417.266 GC heap after
{Heap after GC invocations=218 (full 0):
 garbage-first heap   total 65536K, used 46191K [0x0000000086800000, 0x0000000100000000)
  region size 1024K, 1 young (1024K), 1 survivors (1024K)
 Metaspace       used 92451K, committed 93120K, reserved 1179648K
  class space    used 12023K, committed 12352K, reserved 1048576K
}
Event: 1419.893 GC heap before
{Heap before GC invocations=218 (full 0):
 garbage-first heap   total 65536K, used 55407K [0x0000000086800000, 0x0000000100000000)
  region size 1024K, 10 young (10240K), 1 survivors (1024K)
 Metaspace       used 92451K, committed 93120K, reserved 1179648K
  class space    used 12023K, committed 12352K, reserved 1048576K
}
Event: 1419.894 GC heap after
{Heap after GC invocations=219 (full 0):
 garbage-first heap   total 65536K, used 46222K [0x0000000086800000, 0x0000000100000000)
  region size 1024K, 1 young (1024K), 1 survivors (1024K)
 Metaspace       used 92451K, committed 93120K, reserved 1179648K
  class space    used 12023K, committed 12352K, reserved 1048576K
}
Event: 1422.068 GC heap before
{Heap before GC invocations=219 (full 0):
 garbage-first heap   total 65536K, used 55438K [0x0000000086800000, 0x0000000100000000)
  region size 1024K, 10 young (10240K), 1 survivors (1024K)
 Metaspace       used 92451K, committed 93120K, reserved 1179648K
  class space    used 12023K, committed 12352K, reserved 1048576K
}
Event: 1422.070 GC heap after
{Heap after GC invocations=220 (full 0):
 garbage-first heap   total 65536K, used 46220K [0x0000000086800000, 0x0000000100000000)
  region size 1024K, 1 young (1024K), 1 survivors (1024K)
 Metaspace       used 92451K, committed 93120K, reserved 1179648K
  class space    used 12023K, committed 12352K, reserved 1048576K
}
Event: 1429.009 GC heap before
{Heap before GC invocations=220 (full 0):
 garbage-first heap   total 65536K, used 55436K [0x0000000086800000, 0x0000000100000000)
  region size 1024K, 10 young (10240K), 1 survivors (1024K)
 Metaspace       used 92452K, committed 93120K, reserved 1179648K
  class space    used 12023K, committed 12352K, reserved 1048576K
}
Event: 1429.010 GC heap after
{Heap after GC invocations=221 (full 0):
 garbage-first heap   total 65536K, used 46192K [0x0000000086800000, 0x0000000100000000)
  region size 1024K, 1 young (1024K), 1 survivors (1024K)
 Metaspace       used 92452K, committed 93120K, reserved 1179648K
  class space    used 12023K, committed 12352K, reserved 1048576K
}
Event: 1433.165 GC heap before
{Heap before GC invocations=221 (full 0):
 garbage-first heap   total 65536K, used 54384K [0x0000000086800000, 0x0000000100000000)
  region size 1024K, 10 young (10240K), 1 survivors (1024K)
 Metaspace       used 92456K, committed 93120K, reserved 1179648K
  class space    used 12023K, committed 12352K, reserved 1048576K
}
Event: 1433.167 GC heap after
{Heap after GC invocations=222 (full 0):
 garbage-first heap   total 65536K, used 46214K [0x0000000086800000, 0x0000000100000000)
  region size 1024K, 1 young (1024K), 1 survivors (1024K)
 Metaspace       used 92456K, committed 93120K, reserved 1179648K
  class space    used 12023K, committed 12352K, reserved 1048576K
}
Event: 1436.516 GC heap before
{Heap before GC invocations=222 (full 0):
 garbage-first heap   total 65536K, used 55430K [0x0000000086800000, 0x0000000100000000)
  region size 1024K, 10 young (10240K), 1 survivors (1024K)
 Metaspace       used 92456K, committed 93120K, reserved 1179648K
  class space    used 12023K, committed 12352K, reserved 1048576K
}
Event: 1436.517 GC heap after
{Heap after GC invocations=223 (full 0):
 garbage-first heap   total 65536K, used 46182K [0x0000000086800000, 0x0000000100000000)
  region size 1024K, 1 young (1024K), 1 survivors (1024K)
 Metaspace       used 92456K, committed 93120K, reserved 1179648K
  class space    used 12023K, committed 12352K, reserved 1048576K
}
Event: 1438.049 GC heap before
{Heap before GC invocations=223 (full 0):
 garbage-first heap   total 65536K, used 55398K [0x0000000086800000, 0x0000000100000000)
  region size 1024K, 10 young (10240K), 1 survivors (1024K)
 Metaspace       used 92457K, committed 93120K, reserved 1179648K
  class space    used 12024K, committed 12352K, reserved 1048576K
}
Event: 1438.051 GC heap after
{Heap after GC invocations=224 (full 0):
 garbage-first heap   total 65536K, used 46216K [0x0000000086800000, 0x0000000100000000)
  region size 1024K, 1 young (1024K), 1 survivors (1024K)
 Metaspace       used 92457K, committed 93120K, reserved 1179648K
  class space    used 12024K, committed 12352K, reserved 1048576K
}
Event: 1439.120 GC heap before
{Heap before GC invocations=224 (full 0):
 garbage-first heap   total 65536K, used 54408K [0x0000000086800000, 0x0000000100000000)
  region size 1024K, 10 young (10240K), 1 survivors (1024K)
 Metaspace       used 92457K, committed 93120K, reserved 1179648K
  class space    used 12024K, committed 12352K, reserved 1048576K
}
Event: 1439.121 GC heap after
{Heap after GC invocations=225 (full 0):
 garbage-first heap   total 65536K, used 46219K [0x0000000086800000, 0x0000000100000000)
  region size 1024K, 1 young (1024K), 1 survivors (1024K)
 Metaspace       used 92457K, committed 93120K, reserved 1179648K
  class space    used 12024K, committed 12352K, reserved 1048576K
}

